<?xml version="1.0" encoding="UTF-8"?>
<beans xmlns="http://www.springframework.org/schema/beans"
       xmlns:sec="http://www.springframework.org/schema/security"
       xmlns:xsi="http://www.w3.org/2001/XMLSchema-instance"
       xsi:schemaLocation="http://www.springframework.org/schema/beans http://www.springframework.org/schema/beans/spring-beans.xsd

       http://www.springframework.org/schema/security http://www.springframework.org/schema/security/spring-security-3.2.xsd">

    <import resource="classpath*:test-integration-common-context.xml"/>

    <sec:global-method-security secured-annotations="enabled"/>

    <sec:http auto-config="true">
        <sec:intercept-url pattern="/REST/v2/security/**" access="IS_AUTHENTICATED_ANONYMOUSLY"/>
        <sec:intercept-url pattern="/v2/security/**" access="IS_AUTHENTICATED_ANONYMOUSLY"/>
        <sec:intercept-url pattern="/REST/v2/**" access="ROLE_USER, ROLE_ADMIN"/>
        <sec:intercept-url pattern="/v2/**" access="ROLE_USER, ROLE_ADMIN"/>
        <sec:form-login default-target-url="/REST/v2/users/**"/>
        <sec:remember-me services-ref="rememberMeServices" key="EEYEOTest"/>
    </sec:http>

</beans>