<?xml version="1.0" encoding="UTF-8"?>
<beans xmlns="http://www.springframework.org/schema/beans"
       xmlns:security="http://www.springframework.org/schema/security"
       xmlns:xsi="http://www.w3.org/2001/XMLSchema-instance"
       xmlns:context="http://www.springframework.org/schema/context"
       xmlns:util="http://www.springframework.org/schema/util"
       xsi:schemaLocation="http://www.springframework.org/schema/beans http://www.springframework.org/schema/beans/spring-beans.xsd
       http://www.springframework.org/schema/context http://www.springframework.org/schema/context/spring-context-3.0.xsd   http://www.springframework.org/schema/security http://www.springframework.org/schema/security/spring-security-3.1.xsd http://www.springframework.org/schema/util http://www.springframework.org/schema/util/spring-util.xsd">

    <context:component-scan base-package="com.jtbdevelopment"/>

    <bean name="eventBus" class="com.google.common.eventbus.EventBus"/>

    <!-- Example using Derby  -->
    <!--bean id="dataSource" class="org.apache.derby.jdbc.EmbeddedConnectionPoolDataSource40">
        <property name="databaseName" value="EEYEODBTEST"/>
        <property name="createDatabase" value="create"/>
    </bean-->

    <!-- Example Using MySQL  -->
    <bean id="dataSource" class="com.mysql.jdbc.jdbc2.optional.MysqlDataSource">
        <property name="url" value="jdbc:mysql://localhost:3306/eeyeodbtest"/>
        <property name="user" value="eeyeodbtestuser"/>
        <property name="useLegacyDatetimeCode" value="false"/>
        <property name="password" value="eeyeodbtestuser"/>
        <property name="databaseName" value="eeyeodbtest"/>
        <property name="serverTimezone" value="America/New_York"/>
    </bean>

    <bean id="rememberMeServices"
          class="org.springframework.security.web.authentication.rememberme.PersistentTokenBasedRememberMeServices">
        <constructor-arg name="userDetailsService" ref="userDetailsService"/>
        <constructor-arg name="tokenRepository" ref="persistentTokenRepository"/>
        <!--property name="useSecureCookie" value="true"/-->  <!--  TODO -->
        <constructor-arg name="key" value="EEYEOTEST"/>
    </bean>

    <bean id="rememberMeAuthenticationProvider"
          class="org.springframework.security.authentication.RememberMeAuthenticationProvider">
        <constructor-arg name="key" value="EEYEOTEST"/>
    </bean>

    <bean id="rememberMeFilter"
          class="org.springframework.security.web.authentication.rememberme.RememberMeAuthenticationFilter">
        <constructor-arg name="authenticationManager" ref="authenticationManager"/>
        <constructor-arg name="rememberMeServices" ref="rememberMeServices"/>
    </bean>

    <security:authentication-manager alias="authenticationManager">
        <security:authentication-provider ref="rememberMeAuthenticationProvider"/>
        <security:authentication-provider user-service-ref="userDetailsService"/>
    </security:authentication-manager>

    <!--  You must define default observation categories for new users  -->
    <util:map id="newUserDefaultObservationCategories" key-type="java.lang.String" value-type="java.lang.String"
              map-class="java.util.HashMap">
        <entry key="PSE" value="Personal, Social &amp; Emotional"/>
        <entry key="MD" value="Mathematics"/>
        <entry key="CLL" value="Communication, Language &amp; Literacy"/>
        <entry key="KUW" value="Knowledge &amp; Understanding of the World"/>
        <entry key="PD" value="Physical"/>
        <entry key="CD" value="Creative"/>
        <entry key="RD" value="Religious"/>
    </util:map>
</beans>