<?xml version="1.0" encoding="UTF-8"?>
<beans xmlns="http://www.springframework.org/schema/beans"
       xmlns:xsi="http://www.w3.org/2001/XMLSchema-instance"
       xmlns:context="http://www.springframework.org/schema/context"
       xmlns:util="http://www.springframework.org/schema/util"
       xsi:schemaLocation="http://www.springframework.org/schema/beans http://www.springframework.org/schema/beans/spring-beans.xsd
       http://www.springframework.org/schema/context http://www.springframework.org/schema/context/spring-context-3.0.xsd http://www.springframework.org/schema/util http://www.springframework.org/schema/util/spring-util-2.0.xsd">

    <context:component-scan base-package="com.jtbdevelopment"/>

    <!-- Recreate the integration DB each time - make sure to use a disposable DB for it  -->
    <util:properties id="hibernateOverrideProperties">
        <prop key="hibernate.hbm2ddl.auto">create</prop>
        <!--prop key="hibernate.dialect">com.jtbdevelopment.e_eye_o.hibernate.DAO.misc.DerbyUniqueNonNull</prop-->
        <prop key="hibernate.dialect">org.hibernate.dialect.MySQL5InnoDBDialect</prop>
    </util:properties>

    <!-- Example using Derby  -->
    <!--bean id="dataSource" class="org.apache.derby.jdbc.EmbeddedConnectionPoolDataSource40">
        <property name="databaseName" value="EEYEODBTEST"/>
        <property name="createDatabase" value="create"/>
    </bean-->

    <!-- Example Using MySQL  -->
    <bean id="dataSource" class="com.mysql.jdbc.jdbc2.optional.MysqlDataSource">
        <property name="url" value="jdbc:mysql://localhost:3306/eeyeodbtest"/>
        <property name="user" value="eeyeodbtestuser"/>
        <property name="useLegacyDatetimeCode" value="false"/>
        <property name="password" value="eeyeodbtestuser"/>
        <property name="databaseName" value="eeyeodbtest"/>
    </bean>
</beans>